# JRE version: OpenJDK Runtime Environment Temurin-21.0.9+10 (21.0.9+10) (build 21.0.9+10-LTS)
# Java VM: OpenJDK 64-Bit Server VM Temurin-21.0.9+10 (21.0.9+10-LTS, mixed mode, sharing, tiered, compressed oops, compressed class ptrs, g1 gc, windows-amd64)
GC Precious Log:
 CardTable entry size: 512
 Card Set container configuration: InlinePtr #cards 5 size 8 Array Of Cards #cards 12 size 40 Howl #buckets 4 coarsen threshold 1843 Howl Bitmap #cards 512 size 80 coarsen threshold 460 Card regions per heap region 1 cards per card region 2048
 CPUs: 12 total, 12 available
 Memory: 15693M
 Large Page Support: Disabled
 NUMA Support: Disabled
 Compressed Oops: Enabled (32-bit)
 Heap Region Size: 1M
 Heap Min Capacity: 8M
 Heap Initial Capacity: 64M
 Heap Max Capacity: 64M
 Pre-touch: Disabled
 Parallel Workers: 10
 Concurrent Workers: 3
 Concurrent Refinement Workers: 10
 Periodic GC: Disabled
Heap:
 garbage-first heap   total 65536K, used 18669K [0x00000000fc000000, 0x0000000100000000)
  region size 1024K, 11 young (11264K), 3 survivors (3072K)
 Metaspace       used 11439K, committed 11776K, reserved 1114112K
  class space    used 1323K, committed 1472K, reserved 1048576K
GC Heap History (16 events):
Event: 1.567 GC heap before
{Heap before GC invocations=0 (full 0):
 garbage-first heap   total 65536K, used 23552K [0x00000000fc000000, 0x0000000100000000)
  region size 1024K, 23 young (23552K), 0 survivors (0K)
 Metaspace       used 7153K, committed 7360K, reserved 1114112K
  class space    used 831K, committed 896K, reserved 1048576K
}
Event: 1.574 GC heap after
{Heap after GC invocations=1 (full 0):
 garbage-first heap   total 65536K, used 5519K [0x00000000fc000000, 0x0000000100000000)
  region size 1024K, 3 young (3072K), 3 survivors (3072K)
 Metaspace       used 7153K, committed 7360K, reserved 1114112K
  class space    used 831K, committed 896K, reserved 1048576K
}
Event: 87.394 GC heap before
{Heap before GC invocations=1 (full 0):
 garbage-first heap   total 65536K, used 32143K [0x00000000fc000000, 0x0000000100000000)
  region size 1024K, 30 young (30720K), 3 survivors (3072K)
 Metaspace       used 10184K, committed 10496K, reserved 1114112K
  class space    used 1220K, committed 1344K, reserved 1048576K
}
Event: 87.400 GC heap after
{Heap after GC invocations=2 (full 0):
 garbage-first heap   total 65536K, used 8059K [0x00000000fc000000, 0x0000000100000000)
  region size 1024K, 3 young (3072K), 3 survivors (3072K)
 Metaspace       used 10184K, committed 10496K, reserved 1114112K
  class space    used 1220K, committed 1344K, reserved 1048576K
}
Event: 97.203 GC heap before
{Heap before GC invocations=2 (full 0):
 garbage-first heap   total 65536K, used 40827K [0x00000000fc000000, 0x0000000100000000)
  region size 1024K, 36 young (36864K), 3 survivors (3072K)
 Metaspace       used 10414K, committed 10752K, reserved 1114112K
  class space    used 1235K, committed 1408K, reserved 1048576K
}
Event: 97.205 GC heap after
{Heap after GC invocations=3 (full 0):
 garbage-first heap   total 65536K, used 8618K [0x00000000fc000000, 0x0000000100000000)
  region size 1024K, 3 young (3072K), 3 survivors (3072K)
 Metaspace       used 10414K, committed 10752K, reserved 1114112K
  class space    used 1235K, committed 1408K, reserved 1048576K
}
Event: 105.263 GC heap before
{Heap before GC invocations=3 (full 0):
 garbage-first heap   total 65536K, used 43434K [0x00000000fc000000, 0x0000000100000000)
  region size 1024K, 38 young (38912K), 3 survivors (3072K)
 Metaspace       used 10498K, committed 10816K, reserved 1114112K
  class space    used 1238K, committed 1408K, reserved 1048576K
}
Event: 105.267 GC heap after
{Heap after GC invocations=4 (full 0):
 garbage-first heap   total 65536K, used 9749K [0x00000000fc000000, 0x0000000100000000)
  region size 1024K, 3 young (3072K), 3 survivors (3072K)
 Metaspace       used 10498K, committed 10816K, reserved 1114112K
  class space    used 1238K, committed 1408K, reserved 1048576K
}
Event: 109.176 GC heap before
{Heap before GC invocations=4 (full 0):
 garbage-first heap   total 65536K, used 46613K [0x00000000fc000000, 0x0000000100000000)
  region size 1024K, 38 young (38912K), 3 survivors (3072K)
 Metaspace       used 10919K, committed 11264K, reserved 1114112K
  class space    used 1296K, committed 1472K, reserved 1048576K
}
Event: 109.179 GC heap after
{Heap after GC invocations=5 (full 0):
 garbage-first heap   total 65536K, used 10152K [0x00000000fc000000, 0x0000000100000000)
  region size 1024K, 3 young (3072K), 3 survivors (3072K)
 Metaspace       used 10919K, committed 11264K, reserved 1114112K
  class space    used 1296K, committed 1472K, reserved 1048576K
}
Event: 118.612 GC heap before
{Heap before GC invocations=5 (full 0):
 garbage-first heap   total 65536K, used 44968K [0x00000000fc000000, 0x0000000100000000)
  region size 1024K, 38 young (38912K), 3 survivors (3072K)
 Metaspace       used 11009K, committed 11328K, reserved 1114112K
  class space    used 1301K, committed 1472K, reserved 1048576K
}
Event: 118.614 GC heap after
{Heap after GC invocations=6 (full 0):
 garbage-first heap   total 65536K, used 10288K [0x00000000fc000000, 0x0000000100000000)
  region size 1024K, 3 young (3072K), 3 survivors (3072K)
 Metaspace       used 11009K, committed 11328K, reserved 1114112K
  class space    used 1301K, committed 1472K, reserved 1048576K
}
Event: 127.521 GC heap before
{Heap before GC invocations=6 (full 0):
 garbage-first heap   total 65536K, used 45104K [0x00000000fc000000, 0x0000000100000000)
  region size 1024K, 38 young (38912K), 3 survivors (3072K)
 Metaspace       used 11043K, committed 11328K, reserved 1114112K
  class space    used 1302K, committed 1472K, reserved 1048576K
}
Event: 127.522 GC heap after
{Heap after GC invocations=7 (full 0):
 garbage-first heap   total 65536K, used 12205K [0x00000000fc000000, 0x0000000100000000)
  region size 1024K, 4 young (4096K), 4 survivors (4096K)
 Metaspace       used 11043K, committed 11328K, reserved 1114112K
  class space    used 1302K, committed 1472K, reserved 1048576K
}
Event: 188.954 GC heap before
{Heap before GC invocations=7 (full 0):
 garbage-first heap   total 65536K, used 45997K [0x00000000fc000000, 0x0000000100000000)
  region size 1024K, 38 young (38912K), 4 survivors (4096K)
 Metaspace       used 11432K, committed 11776K, reserved 1114112K
  class space    used 1323K, committed 1472K, reserved 1048576K
}
Event: 188.956 GC heap after
{Heap after GC invocations=8 (full 0):
 garbage-first heap   total 65536K, used 12525K [0x00000000fc000000, 0x0000000100000000)
  region size 1024K, 3 young (3072K), 3 survivors (3072K)
 Metaspace       used 11432K, committed 11776K, reserved 1114112K
  class space    used 1323K, committed 1472K, reserved 1048576K
}

